[19:16:52] [main/INFO]: Setting user: Player908
[19:16:53] [Client thread/INFO]: LWJGL Version: 2.9.1
[19:16:57] [Client thread/INFO]: Reloading ResourceManager: Default, FMLFileResourcePack:Forge Mod Loader, FMLFileResourcePack:Minecraft Forge, FMLFileResourcePack:My Mod
[19:16:58] [Sound Library Loader/INFO]: Sound engine started
[19:16:59] [Client thread/INFO]: Created: 512x256 textures/blocks-atlas
[19:16:59] [Client thread/ERROR]: Using missing texture, unable to load myassets:textures/items/goldenCheese.png
java.io.FileNotFoundException: myassets:textures/items/goldenCheese.png
	at net.minecraft.client.resources.FallbackResourceManager.getResource(FallbackResourceManager.java:65) ~[FallbackResourceManager.class:?]
	at net.minecraft.client.resources.SimpleReloadableResourceManager.getResource(SimpleReloadableResourceManager.java:67) ~[SimpleReloadableResourceManager.class:?]
	at net.minecraft.client.renderer.texture.TextureMap.loadTextureAtlas(TextureMap.java:126) [TextureMap.class:?]
	at net.minecraft.client.renderer.texture.TextureMap.loadTexture(TextureMap.java:91) [TextureMap.class:?]
	at net.minecraft.client.renderer.texture.TextureManager.loadTexture(TextureManager.java:89) [TextureManager.class:?]
	at net.minecraft.client.renderer.texture.TextureManager.loadTickableTexture(TextureManager.java:71) [TextureManager.class:?]
	at net.minecraft.client.renderer.texture.TextureManager.loadTextureMap(TextureManager.java:58) [TextureManager.class:?]
	at net.minecraft.client.Minecraft.startGame(Minecraft.java:583) [Minecraft.class:?]
	at net.minecraft.client.Minecraft.run(Minecraft.java:931) [Minecraft.class:?]
	at net.minecraft.client.main.Main.main(Main.java:164) [Main.class:?]
	at sun.reflect.NativeMethodAccessorImpl.invoke0(Native Method) ~[?:1.8.0_131]
	at sun.reflect.NativeMethodAccessorImpl.invoke(NativeMethodAccessorImpl.java:62) ~[?:1.8.0_131]
	at sun.reflect.DelegatingMethodAccessorImpl.invoke(DelegatingMethodAccessorImpl.java:43) ~[?:1.8.0_131]
	at java.lang.reflect.Method.invoke(Method.java:498) ~[?:1.8.0_131]
	at net.minecraft.launchwrapper.Launch.launch(Launch.java:135) [launchwrapper-1.11.jar:?]
	at net.minecraft.launchwrapper.Launch.main(Launch.java:28) [launchwrapper-1.11.jar:?]
	at net.minecraftforge.gradle.GradleStartCommon.launch(Unknown Source) [start/:?]
	at GradleStart.main(Unknown Source) [start/:?]
[19:16:59] [Client thread/ERROR]: Using missing texture, unable to load myassets:textures/items/tpEmeraldm.png
java.io.FileNotFoundException: myassets:textures/items/tpEmeraldm.png
	at net.minecraft.client.resources.FallbackResourceManager.getResource(FallbackResourceManager.java:65) ~[FallbackResourceManager.class:?]
	at net.minecraft.client.resources.SimpleReloadableResourceManager.getResource(SimpleReloadableResourceManager.java:67) ~[SimpleReloadableResourceManager.class:?]
	at net.minecraft.client.renderer.texture.TextureMap.loadTextureAtlas(TextureMap.java:126) [TextureMap.class:?]
	at net.minecraft.client.renderer.texture.TextureMap.loadTexture(TextureMap.java:91) [TextureMap.class:?]
	at net.minecraft.client.renderer.texture.TextureManager.loadTexture(TextureManager.java:89) [TextureManager.class:?]
	at net.minecraft.client.renderer.texture.TextureManager.loadTickableTexture(TextureManager.java:71) [TextureManager.class:?]
	at net.minecraft.client.renderer.texture.TextureManager.loadTextureMap(TextureManager.java:58) [TextureManager.class:?]
	at net.minecraft.client.Minecraft.startGame(Minecraft.java:583) [Minecraft.class:?]
	at net.minecraft.client.Minecraft.run(Minecraft.java:931) [Minecraft.class:?]
	at net.minecraft.client.main.Main.main(Main.java:164) [Main.class:?]
	at sun.reflect.NativeMethodAccessorImpl.invoke0(Native Method) ~[?:1.8.0_131]
	at sun.reflect.NativeMethodAccessorImpl.invoke(NativeMethodAccessorImpl.java:62) ~[?:1.8.0_131]
	at sun.reflect.DelegatingMethodAccessorImpl.invoke(DelegatingMethodAccessorImpl.java:43) ~[?:1.8.0_131]
	at java.lang.reflect.Method.invoke(Method.java:498) ~[?:1.8.0_131]
	at net.minecraft.launchwrapper.Launch.launch(Launch.java:135) [launchwrapper-1.11.jar:?]
	at net.minecraft.launchwrapper.Launch.main(Launch.java:28) [launchwrapper-1.11.jar:?]
	at net.minecraftforge.gradle.GradleStartCommon.launch(Unknown Source) [start/:?]
	at GradleStart.main(Unknown Source) [start/:?]
[19:16:59] [Client thread/INFO]: Created: 256x256 textures/items-atlas
[19:16:59] [Client thread/INFO]: Reloading ResourceManager: Default, FMLFileResourcePack:Forge Mod Loader, FMLFileResourcePack:Minecraft Forge, FMLFileResourcePack:My Mod
[19:16:59] [Client thread/INFO]: Created: 512x256 textures/blocks-atlas
[19:16:59] [Client thread/ERROR]: Using missing texture, unable to load myassets:textures/items/goldenCheese.png
java.io.FileNotFoundException: myassets:textures/items/goldenCheese.png
	at net.minecraft.client.resources.FallbackResourceManager.getResource(FallbackResourceManager.java:65) ~[FallbackResourceManager.class:?]
	at net.minecraft.client.resources.SimpleReloadableResourceManager.getResource(SimpleReloadableResourceManager.java:67) ~[SimpleReloadableResourceManager.class:?]
	at net.minecraft.client.renderer.texture.TextureMap.loadTextureAtlas(TextureMap.java:126) [TextureMap.class:?]
	at net.minecraft.client.renderer.texture.TextureMap.loadTexture(TextureMap.java:91) [TextureMap.class:?]
	at net.minecraft.client.renderer.texture.TextureManager.loadTexture(TextureManager.java:89) [TextureManager.class:?]
	at net.minecraft.client.renderer.texture.TextureManager.onResourceManagerReload(TextureManager.java:170) [TextureManager.class:?]
	at net.minecraft.client.resources.SimpleReloadableResourceManager.notifyReloadListeners(SimpleReloadableResourceManager.java:134) [SimpleReloadableResourceManager.class:?]
	at net.minecraft.client.resources.SimpleReloadableResourceManager.reloadResources(SimpleReloadableResourceManager.java:118) [SimpleReloadableResourceManager.class:?]
	at net.minecraft.client.Minecraft.refreshResources(Minecraft.java:643) [Minecraft.class:?]
	at cpw.mods.fml.client.FMLClientHandler.finishMinecraftLoading(FMLClientHandler.java:303) [FMLClientHandler.class:?]
	at net.minecraft.client.Minecraft.startGame(Minecraft.java:586) [Minecraft.class:?]
	at net.minecraft.client.Minecraft.run(Minecraft.java:931) [Minecraft.class:?]
	at net.minecraft.client.main.Main.main(Main.java:164) [Main.class:?]
	at sun.reflect.NativeMethodAccessorImpl.invoke0(Native Method) ~[?:1.8.0_131]
	at sun.reflect.NativeMethodAccessorImpl.invoke(NativeMethodAccessorImpl.java:62) ~[?:1.8.0_131]
	at sun.reflect.DelegatingMethodAccessorImpl.invoke(DelegatingMethodAccessorImpl.java:43) ~[?:1.8.0_131]
	at java.lang.reflect.Method.invoke(Method.java:498) ~[?:1.8.0_131]
	at net.minecraft.launchwrapper.Launch.launch(Launch.java:135) [launchwrapper-1.11.jar:?]
	at net.minecraft.launchwrapper.Launch.main(Launch.java:28) [launchwrapper-1.11.jar:?]
	at net.minecraftforge.gradle.GradleStartCommon.launch(Unknown Source) [start/:?]
	at GradleStart.main(Unknown Source) [start/:?]
[19:16:59] [Client thread/ERROR]: Using missing texture, unable to load myassets:textures/items/tpEmeraldm.png
java.io.FileNotFoundException: myassets:textures/items/tpEmeraldm.png
	at net.minecraft.client.resources.FallbackResourceManager.getResource(FallbackResourceManager.java:65) ~[FallbackResourceManager.class:?]
	at net.minecraft.client.resources.SimpleReloadableResourceManager.getResource(SimpleReloadableResourceManager.java:67) ~[SimpleReloadableResourceManager.class:?]
	at net.minecraft.client.renderer.texture.TextureMap.loadTextureAtlas(TextureMap.java:126) [TextureMap.class:?]
	at net.minecraft.client.renderer.texture.TextureMap.loadTexture(TextureMap.java:91) [TextureMap.class:?]
	at net.minecraft.client.renderer.texture.TextureManager.loadTexture(TextureManager.java:89) [TextureManager.class:?]
	at net.minecraft.client.renderer.texture.TextureManager.onResourceManagerReload(TextureManager.java:170) [TextureManager.class:?]
	at net.minecraft.client.resources.SimpleReloadableResourceManager.notifyReloadListeners(SimpleReloadableResourceManager.java:134) [SimpleReloadableResourceManager.class:?]
	at net.minecraft.client.resources.SimpleReloadableResourceManager.reloadResources(SimpleReloadableResourceManager.java:118) [SimpleReloadableResourceManager.class:?]
	at net.minecraft.client.Minecraft.refreshResources(Minecraft.java:643) [Minecraft.class:?]
	at cpw.mods.fml.client.FMLClientHandler.finishMinecraftLoading(FMLClientHandler.java:303) [FMLClientHandler.class:?]
	at net.minecraft.client.Minecraft.startGame(Minecraft.java:586) [Minecraft.class:?]
	at net.minecraft.client.Minecraft.run(Minecraft.java:931) [Minecraft.class:?]
	at net.minecraft.client.main.Main.main(Main.java:164) [Main.class:?]
	at sun.reflect.NativeMethodAccessorImpl.invoke0(Native Method) ~[?:1.8.0_131]
	at sun.reflect.NativeMethodAccessorImpl.invoke(NativeMethodAccessorImpl.java:62) ~[?:1.8.0_131]
	at sun.reflect.DelegatingMethodAccessorImpl.invoke(DelegatingMethodAccessorImpl.java:43) ~[?:1.8.0_131]
	at java.lang.reflect.Method.invoke(Method.java:498) ~[?:1.8.0_131]
	at net.minecraft.launchwrapper.Launch.launch(Launch.java:135) [launchwrapper-1.11.jar:?]
	at net.minecraft.launchwrapper.Launch.main(Launch.java:28) [launchwrapper-1.11.jar:?]
	at net.minecraftforge.gradle.GradleStartCommon.launch(Unknown Source) [start/:?]
	at GradleStart.main(Unknown Source) [start/:?]
[19:16:59] [Client thread/INFO]: Created: 256x256 textures/items-atlas
[19:17:00] [Sound Library Loader/INFO]: Sound engine started
[19:17:13] [Client thread/INFO]: Realms library version == 1.3.5
[19:17:14] [MCO Availability Checker #1/ERROR]: Couldn't connect to realms: 
[19:18:57] [Server thread/INFO]: Starting integrated minecraft server version 1.7.10
[19:18:57] [Server thread/INFO]: Generating keypair
[19:18:57] [Server thread/INFO]: Preparing start region for level 0
[19:18:58] [Server thread/INFO]: Changing view distance to 12, from 10
[19:18:59] [Server thread/INFO]: Player908[local:E:11485f74] logged in with entity id 398 at (71.5, 68.0, 260.5)
[19:18:59] [Server thread/INFO]: Player908 joined the game
[19:19:06] [Server thread/WARN]: Can't keep up! Did the system time change, or is the server overloaded? Running 2945ms behind, skipping 58 tick(s)
[19:19:09] [Server thread/INFO]: Player908 has just earned the achievement [Taking Inventory]
[19:19:09] [Client thread/INFO]: [CHAT] Player908 has just earned the achievement [Taking Inventory]
[19:19:24] [Server thread/INFO]: Saving and pausing game...
[19:19:24] [Server thread/INFO]: Saving chunks for level 'test-world'/Overworld
[19:19:24] [Server thread/INFO]: Saving chunks for level 'test-world'/Nether
[19:19:24] [Server thread/INFO]: Saving chunks for level 'test-world'/The End
[19:19:24] [Server thread/INFO]: Saving chunks for level 'test-world'/World One
[19:19:24] [Server thread/INFO]: Saving chunks for level 'test-world'/World One
[19:19:28] [Server thread/INFO]: Stopping server
[19:19:28] [Server thread/INFO]: Saving players
[19:19:28] [Server thread/INFO]: Saving worlds
[19:19:28] [Server thread/INFO]: Saving chunks for level 'test-world'/Overworld
[19:19:28] [Server thread/INFO]: Saving chunks for level 'test-world'/Nether
[19:19:28] [Server thread/INFO]: Saving chunks for level 'test-world'/The End
[19:19:28] [Server thread/INFO]: Saving chunks for level 'test-world'/World One
[19:19:28] [Server thread/INFO]: Saving chunks for level 'test-world'/World One
[19:22:25] [Server thread/INFO]: Starting integrated minecraft server version 1.7.10
[19:22:25] [Server thread/INFO]: Generating keypair
[19:22:25] [Server thread/INFO]: Preparing start region for level 0
[19:22:26] [Server thread/INFO]: Changing view distance to 12, from 10
[19:22:26] [Server thread/INFO]: Player908[local:E:ea6f0b5b] logged in with entity id 2987 at (53.11791040590377, 99.56555220768372, 315.84805589215034)
[19:22:26] [Server thread/INFO]: Player908 joined the game
[19:22:29] [Server thread/INFO]: Saving and pausing game...
[19:22:29] [Server thread/INFO]: Saving chunks for level 'test-world-copy'/Overworld
[19:22:29] [Server thread/INFO]: Saving chunks for level 'test-world-copy'/Nether
[19:22:29] [Server thread/INFO]: Saving chunks for level 'test-world-copy'/The End
[19:22:29] [Server thread/INFO]: Saving chunks for level 'test-world-copy'/World One
[19:22:29] [Server thread/INFO]: Saving chunks for level 'test-world-copy'/World One
[19:22:31] [Server thread/INFO]: Stopping server
[19:22:31] [Server thread/INFO]: Saving players
[19:22:31] [Server thread/INFO]: Saving worlds
[19:22:31] [Server thread/INFO]: Saving chunks for level 'test-world-copy'/Overworld
[19:22:31] [Server thread/INFO]: Saving chunks for level 'test-world-copy'/Nether
[19:22:31] [Server thread/INFO]: Saving chunks for level 'test-world-copy'/The End
[19:22:31] [Server thread/INFO]: Saving chunks for level 'test-world-copy'/World One
[19:22:31] [Server thread/INFO]: Saving chunks for level 'test-world-copy'/World One
